Terminals unused in grammar

    TOKEN_REPEAT
    TOKEN_UNTIL
    TOKEN_END_REPEAT
    TOKEN_EXIT
    TOKEN_DOT
    TOKEN_ERROR


State 54 conflicts: 3 shift/reduce


Grammar

    0 $accept: program $end

    1 program: TOKEN_PROGRAM TOKEN_IDENTIFIER import_list var_decl_list function_list statement_list TOKEN_END_PROGRAM

    2 import_list: ε
    3            | import_list import_decl

    4 import_decl: TOKEN_IMPORT TOKEN_STRING_LITERAL TOKEN_SEMICOLON
    5            | TOKEN_IMPORT TOKEN_STRING_LITERAL TOKEN_AS TOKEN_IDENTIFIER TOKEN_SEMICOLON

    6 var_decl_list: ε
    7              | var_decl_list var_decl

    8 var_decl: TOKEN_VAR var_decl_item TOKEN_END_VAR
    9         | TOKEN_VAR_INPUT var_decl_item TOKEN_END_VAR
   10         | TOKEN_VAR_OUTPUT var_decl_item TOKEN_END_VAR

   11 var_decl_item: TOKEN_IDENTIFIER TOKEN_COLON type_spec TOKEN_SEMICOLON
   12              | TOKEN_IDENTIFIER TOKEN_COLON type_spec TOKEN_ASSIGN expression TOKEN_SEMICOLON
   13              | var_decl_item TOKEN_IDENTIFIER TOKEN_COLON type_spec TOKEN_SEMICOLON
   14              | var_decl_item TOKEN_IDENTIFIER TOKEN_COLON type_spec TOKEN_ASSIGN expression TOKEN_SEMICOLON

   15 type_spec: TOKEN_BOOL
   16          | TOKEN_INT
   17          | TOKEN_REAL
   18          | TOKEN_STRING
   19          | TOKEN_ARRAY TOKEN_LBRACKET TOKEN_INTEGER_LITERAL TOKEN_RANGE TOKEN_INTEGER_LITERAL TOKEN_RBRACKET TOKEN_OF type_spec

   20 function_list: ε
   21              | function_list function_decl

   22 function_decl: TOKEN_FUNCTION TOKEN_IDENTIFIER var_decl_list TOKEN_COLON type_spec var_decl_list statement_list TOKEN_END_FUNCTION
   23              | TOKEN_FUNCTION TOKEN_IDENTIFIER var_decl_list var_decl_list statement_list TOKEN_END_FUNCTION

   24 statement_list: ε
   25               | statement_list statement

   26 statement: assignment_stmt
   27          | if_stmt
   28          | while_stmt
   29          | for_stmt
   30          | case_stmt
   31          | return_stmt
   32          | TOKEN_SEMICOLON

   33 assignment_stmt: TOKEN_IDENTIFIER TOKEN_ASSIGN expression TOKEN_SEMICOLON
   34                | TOKEN_IDENTIFIER TOKEN_LBRACKET expression TOKEN_RBRACKET TOKEN_ASSIGN expression TOKEN_SEMICOLON

   35 if_stmt: TOKEN_IF expression TOKEN_THEN statement_list TOKEN_END_IF
   36        | TOKEN_IF expression TOKEN_THEN statement_list TOKEN_ELSE statement_list TOKEN_END_IF
   37        | TOKEN_IF expression TOKEN_THEN statement_list elsif_list TOKEN_END_IF
   38        | TOKEN_IF expression TOKEN_THEN statement_list elsif_list TOKEN_ELSE statement_list TOKEN_END_IF

   39 elsif_list: TOKEN_ELSIF expression TOKEN_THEN statement_list
   40           | elsif_list TOKEN_ELSIF expression TOKEN_THEN statement_list

   41 while_stmt: TOKEN_WHILE expression TOKEN_DO statement_list TOKEN_END_WHILE

   42 for_stmt: TOKEN_FOR TOKEN_IDENTIFIER TOKEN_ASSIGN expression TOKEN_TO expression TOKEN_DO statement_list TOKEN_END_FOR
   43         | TOKEN_FOR TOKEN_IDENTIFIER TOKEN_ASSIGN expression TOKEN_TO expression TOKEN_BY expression TOKEN_DO statement_list TOKEN_END_FOR

   44 case_stmt: TOKEN_CASE expression TOKEN_OF statement_list TOKEN_END_CASE

   45 return_stmt: TOKEN_RETURN TOKEN_SEMICOLON
   46            | TOKEN_RETURN expression TOKEN_SEMICOLON

   47 expression: or_expr

   48 or_expr: xor_expr
   49        | or_expr TOKEN_OR xor_expr

   50 xor_expr: and_expr
   51         | xor_expr TOKEN_XOR and_expr

   52 and_expr: comparison_expr
   53         | and_expr TOKEN_AND comparison_expr

   54 comparison_expr: add_expr
   55                | comparison_expr TOKEN_EQ add_expr
   56                | comparison_expr TOKEN_NE add_expr
   57                | comparison_expr TOKEN_LT add_expr
   58                | comparison_expr TOKEN_LE add_expr
   59                | comparison_expr TOKEN_GT add_expr
   60                | comparison_expr TOKEN_GE add_expr

   61 add_expr: mult_expr
   62         | add_expr TOKEN_PLUS mult_expr
   63         | add_expr TOKEN_MINUS mult_expr

   64 mult_expr: unary_expr
   65          | mult_expr TOKEN_MULTIPLY unary_expr
   66          | mult_expr TOKEN_DIVIDE unary_expr
   67          | mult_expr TOKEN_MOD unary_expr

   68 unary_expr: primary_expr
   69           | TOKEN_NOT unary_expr
   70           | TOKEN_MINUS unary_expr

   71 primary_expr: TOKEN_INTEGER_LITERAL
   72             | TOKEN_REAL_LITERAL
   73             | TOKEN_TRUE
   74             | TOKEN_FALSE
   75             | TOKEN_STRING_LITERAL
   76             | TOKEN_IDENTIFIER
   77             | TOKEN_IDENTIFIER TOKEN_LPAREN argument_list TOKEN_RPAREN
   78             | TOKEN_IDENTIFIER TOKEN_LPAREN TOKEN_RPAREN
   79             | TOKEN_IDENTIFIER TOKEN_LBRACKET expression TOKEN_RBRACKET
   80             | TOKEN_LPAREN expression TOKEN_RPAREN

   81 argument_list: expression
   82              | argument_list TOKEN_COMMA expression


Terminals, with rules where they appear

    $end (0) 0
    error (256)
    TOKEN_PROGRAM (258) 1
    TOKEN_END_PROGRAM (259) 1
    TOKEN_FUNCTION (260) 22 23
    TOKEN_END_FUNCTION (261) 22 23
    TOKEN_VAR (262) 8
    TOKEN_VAR_INPUT (263) 9
    TOKEN_VAR_OUTPUT (264) 10
    TOKEN_END_VAR (265) 8 9 10
    TOKEN_IF (266) 35 36 37 38
    TOKEN_THEN (267) 35 36 37 38 39 40
    TOKEN_ELSIF (268) 39 40
    TOKEN_ELSE (269) 36 38
    TOKEN_END_IF (270) 35 36 37 38
    TOKEN_CASE (271) 44
    TOKEN_OF (272) 19 44
    TOKEN_END_CASE (273) 44
    TOKEN_FOR (274) 42 43
    TOKEN_TO (275) 42 43
    TOKEN_BY (276) 43
    TOKEN_DO (277) 41 42 43
    TOKEN_END_FOR (278) 42 43
    TOKEN_WHILE (279) 41
    TOKEN_END_WHILE (280) 41
    TOKEN_REPEAT (281)
    TOKEN_UNTIL (282)
    TOKEN_END_REPEAT (283)
    TOKEN_RETURN (284) 45 46
    TOKEN_EXIT (285)
    TOKEN_IMPORT (286) 4 5
    TOKEN_AS (287) 5
    TOKEN_BOOL (288) 15
    TOKEN_INT (289) 16
    TOKEN_REAL (290) 17
    TOKEN_STRING (291) 18
    TOKEN_ARRAY (292) 19
    TOKEN_TRUE <bool_value> (293) 73
    TOKEN_FALSE <bool_value> (294) 74
    TOKEN_INTEGER_LITERAL <int_value> (295) 19 71
    TOKEN_REAL_LITERAL <real_value> (296) 72
    TOKEN_STRING_LITERAL <string_value> (297) 4 5 75
    TOKEN_IDENTIFIER <string_value> (298) 1 5 11 12 13 14 22 23 33 34 42 43 76 77 78 79
    TOKEN_ASSIGN (299) 12 14 33 34 42 43
    TOKEN_EQ (300) 55
    TOKEN_NE (301) 56
    TOKEN_LT (302) 57
    TOKEN_LE (303) 58
    TOKEN_GT (304) 59
    TOKEN_GE (305) 60
    TOKEN_PLUS (306) 62
    TOKEN_MINUS (307) 63 70
    TOKEN_MULTIPLY (308) 65
    TOKEN_DIVIDE (309) 66
    TOKEN_MOD (310) 67
    TOKEN_AND (311) 53
    TOKEN_OR (312) 49
    TOKEN_XOR (313) 51
    TOKEN_NOT (314) 69
    TOKEN_SEMICOLON (315) 4 5 11 12 13 14 32 33 34 45 46
    TOKEN_COLON (316) 11 12 13 14 22
    TOKEN_COMMA (317) 82
    TOKEN_DOT (318)
    TOKEN_RANGE (319) 19
    TOKEN_LPAREN (320) 77 78 80
    TOKEN_RPAREN (321) 77 78 80
    TOKEN_LBRACKET (322) 19 34 79
    TOKEN_RBRACKET (323) 19 34 79
    TOKEN_ERROR (324)
    UNARY_MINUS (325)


Nonterminals, with rules where they appear

    $accept (71)
        on left: 0
    program <ast_node> (72)
        on left: 1
        on right: 0
    import_list <ast_node> (73)
        on left: 2 3
        on right: 1 3
    import_decl <ast_node> (74)
        on left: 4 5
        on right: 3
    var_decl_list <ast_node> (75)
        on left: 6 7
        on right: 1 7 22 23
    var_decl <ast_node> (76)
        on left: 8 9 10
        on right: 7
    var_decl_item <ast_node> (77)
        on left: 11 12 13 14
        on right: 8 9 10 13 14
    type_spec <type_info> (78)
        on left: 15 16 17 18 19
        on right: 11 12 13 14 19 22
    function_list <ast_node> (79)
        on left: 20 21
        on right: 1 21
    function_decl <ast_node> (80)
        on left: 22 23
        on right: 21
    statement_list <ast_node> (81)
        on left: 24 25
        on right: 1 22 23 25 35 36 37 38 39 40 41 42 43 44
    statement <ast_node> (82)
        on left: 26 27 28 29 30 31 32
        on right: 25
    assignment_stmt <ast_node> (83)
        on left: 33 34
        on right: 26
    if_stmt <ast_node> (84)
        on left: 35 36 37 38
        on right: 27
    elsif_list <ast_node> (85)
        on left: 39 40
        on right: 37 38 40
    while_stmt <ast_node> (86)
        on left: 41
        on right: 28
    for_stmt <ast_node> (87)
        on left: 42 43
        on right: 29
    case_stmt <ast_node> (88)
        on left: 44
        on right: 30
    return_stmt <ast_node> (89)
        on left: 45 46
        on right: 31
    expression <ast_node> (90)
        on left: 47
        on right: 12 14 33 34 35 36 37 38 39 40 41 42 43 44 46 79 80 81 82
    or_expr <ast_node> (91)
        on left: 48 49
        on right: 47 49
    xor_expr <ast_node> (92)
        on left: 50 51
        on right: 48 49 51
    and_expr <ast_node> (93)
        on left: 52 53
        on right: 50 51 53
    comparison_expr <ast_node> (94)
        on left: 54 55 56 57 58 59 60
        on right: 52 53 55 56 57 58 59 60
    add_expr <ast_node> (95)
        on left: 61 62 63
        on right: 54 55 56 57 58 59 60 62 63
    mult_expr <ast_node> (96)
        on left: 64 65 66 67
        on right: 61 62 63 65 66 67
    unary_expr <ast_node> (97)
        on left: 68 69 70
        on right: 64 65 66 67 69 70
    primary_expr <ast_node> (98)
        on left: 71 72 73 74 75 76 77 78 79 80
        on right: 68
    argument_list <ast_node> (99)
        on left: 81 82
        on right: 77 82


State 0

    0 $accept: • program $end

    TOKEN_PROGRAM  shift, and go to state 1

    program  go to state 2


State 1

    1 program: TOKEN_PROGRAM • TOKEN_IDENTIFIER import_list var_decl_list function_list statement_list TOKEN_END_PROGRAM

    TOKEN_IDENTIFIER  shift, and go to state 3


State 2

    0 $accept: program • $end

    $end  shift, and go to state 4


State 3

    1 program: TOKEN_PROGRAM TOKEN_IDENTIFIER • import_list var_decl_list function_list statement_list TOKEN_END_PROGRAM

    $default  reduce using rule 2 (import_list)

    import_list  go to state 5


State 4

    0 $accept: program $end •

    $default  accept


State 5

    1 program: TOKEN_PROGRAM TOKEN_IDENTIFIER import_list • var_decl_list function_list statement_list TOKEN_END_PROGRAM
    3 import_list: import_list • import_decl

    TOKEN_IMPORT  shift, and go to state 6

    $default  reduce using rule 6 (var_decl_list)

    import_decl    go to state 7
    var_decl_list  go to state 8


State 6

    4 import_decl: TOKEN_IMPORT • TOKEN_STRING_LITERAL TOKEN_SEMICOLON
    5            | TOKEN_IMPORT • TOKEN_STRING_LITERAL TOKEN_AS TOKEN_IDENTIFIER TOKEN_SEMICOLON

    TOKEN_STRING_LITERAL  shift, and go to state 9


State 7

    3 import_list: import_list import_decl •

    $default  reduce using rule 3 (import_list)


State 8

    1 program: TOKEN_PROGRAM TOKEN_IDENTIFIER import_list var_decl_list • function_list statement_list TOKEN_END_PROGRAM
    7 var_decl_list: var_decl_list • var_decl

    TOKEN_VAR         shift, and go to state 10
    TOKEN_VAR_INPUT   shift, and go to state 11
    TOKEN_VAR_OUTPUT  shift, and go to state 12

    $default  reduce using rule 20 (function_list)

    var_decl       go to state 13
    function_list  go to state 14


State 9

    4 import_decl: TOKEN_IMPORT TOKEN_STRING_LITERAL • TOKEN_SEMICOLON
    5            | TOKEN_IMPORT TOKEN_STRING_LITERAL • TOKEN_AS TOKEN_IDENTIFIER TOKEN_SEMICOLON

    TOKEN_AS         shift, and go to state 15
    TOKEN_SEMICOLON  shift, and go to state 16


State 10

    8 var_decl: TOKEN_VAR • var_decl_item TOKEN_END_VAR

    TOKEN_IDENTIFIER  shift, and go to state 17

    var_decl_item  go to state 18


State 11

    9 var_decl: TOKEN_VAR_INPUT • var_decl_item TOKEN_END_VAR

    TOKEN_IDENTIFIER  shift, and go to state 17

    var_decl_item  go to state 19


State 12

   10 var_decl: TOKEN_VAR_OUTPUT • var_decl_item TOKEN_END_VAR

    TOKEN_IDENTIFIER  shift, and go to state 17

    var_decl_item  go to state 20


State 13

    7 var_decl_list: var_decl_list var_decl •

    $default  reduce using rule 7 (var_decl_list)


State 14

    1 program: TOKEN_PROGRAM TOKEN_IDENTIFIER import_list var_decl_list function_list • statement_list TOKEN_END_PROGRAM
   21 function_list: function_list • function_decl

    TOKEN_FUNCTION  shift, and go to state 21

    $default  reduce using rule 24 (statement_list)

    function_decl   go to state 22
    statement_list  go to state 23


State 15

    5 import_decl: TOKEN_IMPORT TOKEN_STRING_LITERAL TOKEN_AS • TOKEN_IDENTIFIER TOKEN_SEMICOLON

    TOKEN_IDENTIFIER  shift, and go to state 24


State 16

    4 import_decl: TOKEN_IMPORT TOKEN_STRING_LITERAL TOKEN_SEMICOLON •

    $default  reduce using rule 4 (import_decl)


State 17

   11 var_decl_item: TOKEN_IDENTIFIER • TOKEN_COLON type_spec TOKEN_SEMICOLON
   12              | TOKEN_IDENTIFIER • TOKEN_COLON type_spec TOKEN_ASSIGN expression TOKEN_SEMICOLON

    TOKEN_COLON  shift, and go to state 25


State 18

    8 var_decl: TOKEN_VAR var_decl_item • TOKEN_END_VAR
   13 var_decl_item: var_decl_item • TOKEN_IDENTIFIER TOKEN_COLON type_spec TOKEN_SEMICOLON
   14              | var_decl_item • TOKEN_IDENTIFIER TOKEN_COLON type_spec TOKEN_ASSIGN expression TOKEN_SEMICOLON

    TOKEN_END_VAR     shift, and go to state 26
    TOKEN_IDENTIFIER  shift, and go to state 27


State 19

    9 var_decl: TOKEN_VAR_INPUT var_decl_item • TOKEN_END_VAR
   13 var_decl_item: var_decl_item • TOKEN_IDENTIFIER TOKEN_COLON type_spec TOKEN_SEMICOLON
   14              | var_decl_item • TOKEN_IDENTIFIER TOKEN_COLON type_spec TOKEN_ASSIGN expression TOKEN_SEMICOLON

    TOKEN_END_VAR     shift, and go to state 28
    TOKEN_IDENTIFIER  shift, and go to state 27


State 20

   10 var_decl: TOKEN_VAR_OUTPUT var_decl_item • TOKEN_END_VAR
   13 var_decl_item: var_decl_item • TOKEN_IDENTIFIER TOKEN_COLON type_spec TOKEN_SEMICOLON
   14              | var_decl_item • TOKEN_IDENTIFIER TOKEN_COLON type_spec TOKEN_ASSIGN expression TOKEN_SEMICOLON

    TOKEN_END_VAR     shift, and go to state 29
    TOKEN_IDENTIFIER  shift, and go to state 27


State 21

   22 function_decl: TOKEN_FUNCTION • TOKEN_IDENTIFIER var_decl_list TOKEN_COLON type_spec var_decl_list statement_list TOKEN_END_FUNCTION
   23              | TOKEN_FUNCTION • TOKEN_IDENTIFIER var_decl_list var_decl_list statement_list TOKEN_END_FUNCTION

    TOKEN_IDENTIFIER  shift, and go to state 30


State 22

   21 function_list: function_list function_decl •

    $default  reduce using rule 21 (function_list)


State 23

    1 program: TOKEN_PROGRAM TOKEN_IDENTIFIER import_list var_decl_list function_list statement_list • TOKEN_END_PROGRAM
   25 statement_list: statement_list • statement

    TOKEN_END_PROGRAM  shift, and go to state 31
    TOKEN_IF           shift, and go to state 32
    TOKEN_CASE         shift, and go to state 33
    TOKEN_FOR          shift, and go to state 34
    TOKEN_WHILE        shift, and go to state 35
    TOKEN_RETURN       shift, and go to state 36
    TOKEN_IDENTIFIER   shift, and go to state 37
    TOKEN_SEMICOLON    shift, and go to state 38

    statement        go to state 39
    assignment_stmt  go to state 40
    if_stmt          go to state 41
    while_stmt       go to state 42
    for_stmt         go to state 43
    case_stmt        go to state 44
    return_stmt      go to state 45


State 24

    5 import_decl: TOKEN_IMPORT TOKEN_STRING_LITERAL TOKEN_AS TOKEN_IDENTIFIER • TOKEN_SEMICOLON

    TOKEN_SEMICOLON  shift, and go to state 46


State 25

   11 var_decl_item: TOKEN_IDENTIFIER TOKEN_COLON • type_spec TOKEN_SEMICOLON
   12              | TOKEN_IDENTIFIER TOKEN_COLON • type_spec TOKEN_ASSIGN expression TOKEN_SEMICOLON

    TOKEN_BOOL    shift, and go to state 47
    TOKEN_INT     shift, and go to state 48
    TOKEN_REAL    shift, and go to state 49
    TOKEN_STRING  shift, and go to state 50
    TOKEN_ARRAY   shift, and go to state 51

    type_spec  go to state 52


State 26

    8 var_decl: TOKEN_VAR var_decl_item TOKEN_END_VAR •

    $default  reduce using rule 8 (var_decl)


State 27

   13 var_decl_item: var_decl_item TOKEN_IDENTIFIER • TOKEN_COLON type_spec TOKEN_SEMICOLON
   14              | var_decl_item TOKEN_IDENTIFIER • TOKEN_COLON type_spec TOKEN_ASSIGN expression TOKEN_SEMICOLON

    TOKEN_COLON  shift, and go to state 53


State 28

    9 var_decl: TOKEN_VAR_INPUT var_decl_item TOKEN_END_VAR •

    $default  reduce using rule 9 (var_decl)


State 29

   10 var_decl: TOKEN_VAR_OUTPUT var_decl_item TOKEN_END_VAR •

    $default  reduce using rule 10 (var_decl)


State 30

   22 function_decl: TOKEN_FUNCTION TOKEN_IDENTIFIER • var_decl_list TOKEN_COLON type_spec var_decl_list statement_list TOKEN_END_FUNCTION
   23              | TOKEN_FUNCTION TOKEN_IDENTIFIER • var_decl_list var_decl_list statement_list TOKEN_END_FUNCTION

    $default  reduce using rule 6 (var_decl_list)

    var_decl_list  go to state 54


State 31

    1 program: TOKEN_PROGRAM TOKEN_IDENTIFIER import_list var_decl_list function_list statement_list TOKEN_END_PROGRAM •

    $default  reduce using rule 1 (program)


State 32

   35 if_stmt: TOKEN_IF • expression TOKEN_THEN statement_list TOKEN_END_IF
   36        | TOKEN_IF • expression TOKEN_THEN statement_list TOKEN_ELSE statement_list TOKEN_END_IF
   37        | TOKEN_IF • expression TOKEN_THEN statement_list elsif_list TOKEN_END_IF
   38        | TOKEN_IF • expression TOKEN_THEN statement_list elsif_list TOKEN_ELSE statement_list TOKEN_END_IF

    TOKEN_TRUE             shift, and go to state 55
    TOKEN_FALSE            shift, and go to state 56
    TOKEN_INTEGER_LITERAL  shift, and go to state 57
    TOKEN_REAL_LITERAL     shift, and go to state 58
    TOKEN_STRING_LITERAL   shift, and go to state 59
    TOKEN_IDENTIFIER       shift, and go to state 60
    TOKEN_MINUS            shift, and go to state 61
    TOKEN_NOT              shift, and go to state 62
    TOKEN_LPAREN           shift, and go to state 63

    expression       go to state 64
    or_expr          go to state 65
    xor_expr         go to state 66
    and_expr         go to state 67
    comparison_expr  go to state 68
    add_expr         go to state 69
    mult_expr        go to state 70
    unary_expr       go to state 71
    primary_expr     go to state 72


State 33

   44 case_stmt: TOKEN_CASE • expression TOKEN_OF statement_list TOKEN_END_CASE

    TOKEN_TRUE             shift, and go to state 55
    TOKEN_FALSE            shift, and go to state 56
    TOKEN_INTEGER_LITERAL  shift, and go to state 57
    TOKEN_REAL_LITERAL     shift, and go to state 58
    TOKEN_STRING_LITERAL   shift, and go to state 59
    TOKEN_IDENTIFIER       shift, and go to state 60
    TOKEN_MINUS            shift, and go to state 61
    TOKEN_NOT              shift, and go to state 62
    TOKEN_LPAREN           shift, and go to state 63

    expression       go to state 73
    or_expr          go to state 65
    xor_expr         go to state 66
    and_expr         go to state 67
    comparison_expr  go to state 68
    add_expr         go to state 69
    mult_expr        go to state 70
    unary_expr       go to state 71
    primary_expr     go to state 72


State 34

   42 for_stmt: TOKEN_FOR • TOKEN_IDENTIFIER TOKEN_ASSIGN expression TOKEN_TO expression TOKEN_DO statement_list TOKEN_END_FOR
   43         | TOKEN_FOR • TOKEN_IDENTIFIER TOKEN_ASSIGN expression TOKEN_TO expression TOKEN_BY expression TOKEN_DO statement_list TOKEN_END_FOR

    TOKEN_IDENTIFIER  shift, and go to state 74


State 35

   41 while_stmt: TOKEN_WHILE • expression TOKEN_DO statement_list TOKEN_END_WHILE

    TOKEN_TRUE             shift, and go to state 55
    TOKEN_FALSE            shift, and go to state 56
    TOKEN_INTEGER_LITERAL  shift, and go to state 57
    TOKEN_REAL_LITERAL     shift, and go to state 58
    TOKEN_STRING_LITERAL   shift, and go to state 59
    TOKEN_IDENTIFIER       shift, and go to state 60
    TOKEN_MINUS            shift, and go to state 61
    TOKEN_NOT              shift, and go to state 62
    TOKEN_LPAREN           shift, and go to state 63

    expression       go to state 75
    or_expr          go to state 65
    xor_expr         go to state 66
    and_expr         go to state 67
    comparison_expr  go to state 68
    add_expr         go to state 69
    mult_expr        go to state 70
    unary_expr       go to state 71
    primary_expr     go to state 72


State 36

   45 return_stmt: TOKEN_RETURN • TOKEN_SEMICOLON
   46            | TOKEN_RETURN • expression TOKEN_SEMICOLON

    TOKEN_TRUE             shift, and go to state 55
    TOKEN_FALSE            shift, and go to state 56
    TOKEN_INTEGER_LITERAL  shift, and go to state 57
    TOKEN_REAL_LITERAL     shift, and go to state 58
    TOKEN_STRING_LITERAL   shift, and go to state 59
    TOKEN_IDENTIFIER       shift, and go to state 60
    TOKEN_MINUS            shift, and go to state 61
    TOKEN_NOT              shift, and go to state 62
    TOKEN_SEMICOLON        shift, and go to state 76
    TOKEN_LPAREN           shift, and go to state 63

    expression       go to state 77
    or_expr          go to state 65
    xor_expr         go to state 66
    and_expr         go to state 67
    comparison_expr  go to state 68
    add_expr         go to state 69
    mult_expr        go to state 70
    unary_expr       go to state 71
    primary_expr     go to state 72


State 37

   33 assignment_stmt: TOKEN_IDENTIFIER • TOKEN_ASSIGN expression TOKEN_SEMICOLON
   34                | TOKEN_IDENTIFIER • TOKEN_LBRACKET expression TOKEN_RBRACKET TOKEN_ASSIGN expression TOKEN_SEMICOLON

    TOKEN_ASSIGN    shift, and go to state 78
    TOKEN_LBRACKET  shift, and go to state 79


State 38

   32 statement: TOKEN_SEMICOLON •

    $default  reduce using rule 32 (statement)


State 39

   25 statement_list: statement_list statement •

    $default  reduce using rule 25 (statement_list)


State 40

   26 statement: assignment_stmt •

    $default  reduce using rule 26 (statement)


State 41

   27 statement: if_stmt •

    $default  reduce using rule 27 (statement)


State 42

   28 statement: while_stmt •

    $default  reduce using rule 28 (statement)


State 43

   29 statement: for_stmt •

    $default  reduce using rule 29 (statement)


State 44

   30 statement: case_stmt •

    $default  reduce using rule 30 (statement)


State 45

   31 statement: return_stmt •

    $default  reduce using rule 31 (statement)


State 46

    5 import_decl: TOKEN_IMPORT TOKEN_STRING_LITERAL TOKEN_AS TOKEN_IDENTIFIER TOKEN_SEMICOLON •

    $default  reduce using rule 5 (import_decl)


State 47

   15 type_spec: TOKEN_BOOL •

    $default  reduce using rule 15 (type_spec)


State 48

   16 type_spec: TOKEN_INT •

    $default  reduce using rule 16 (type_spec)


State 49

   17 type_spec: TOKEN_REAL •

    $default  reduce using rule 17 (type_spec)


State 50

   18 type_spec: TOKEN_STRING •

    $default  reduce using rule 18 (type_spec)


State 51

   19 type_spec: TOKEN_ARRAY • TOKEN_LBRACKET TOKEN_INTEGER_LITERAL TOKEN_RANGE TOKEN_INTEGER_LITERAL TOKEN_RBRACKET TOKEN_OF type_spec

    TOKEN_LBRACKET  shift, and go to state 80


State 52

   11 var_decl_item: TOKEN_IDENTIFIER TOKEN_COLON type_spec • TOKEN_SEMICOLON
   12              | TOKEN_IDENTIFIER TOKEN_COLON type_spec • TOKEN_ASSIGN expression TOKEN_SEMICOLON

    TOKEN_ASSIGN     shift, and go to state 81
    TOKEN_SEMICOLON  shift, and go to state 82


State 53

   13 var_decl_item: var_decl_item TOKEN_IDENTIFIER TOKEN_COLON • type_spec TOKEN_SEMICOLON
   14              | var_decl_item TOKEN_IDENTIFIER TOKEN_COLON • type_spec TOKEN_ASSIGN expression TOKEN_SEMICOLON

    TOKEN_BOOL    shift, and go to state 47
    TOKEN_INT     shift, and go to state 48
    TOKEN_REAL    shift, and go to state 49
    TOKEN_STRING  shift, and go to state 50
    TOKEN_ARRAY   shift, and go to state 51

    type_spec  go to state 83


State 54

    7 var_decl_list: var_decl_list • var_decl
   22 function_decl: TOKEN_FUNCTION TOKEN_IDENTIFIER var_decl_list • TOKEN_COLON type_spec var_decl_list statement_list TOKEN_END_FUNCTION
   23              | TOKEN_FUNCTION TOKEN_IDENTIFIER var_decl_list • var_decl_list statement_list TOKEN_END_FUNCTION

    TOKEN_VAR         shift, and go to state 10
    TOKEN_VAR_INPUT   shift, and go to state 11
    TOKEN_VAR_OUTPUT  shift, and go to state 12
    TOKEN_COLON       shift, and go to state 84

    TOKEN_VAR         [reduce using rule 6 (var_decl_list)]
    TOKEN_VAR_INPUT   [reduce using rule 6 (var_decl_list)]
    TOKEN_VAR_OUTPUT  [reduce using rule 6 (var_decl_list)]
    $default          reduce using rule 6 (var_decl_list)

    var_decl_list  go to state 85
    var_decl       go to state 13


State 55

   73 primary_expr: TOKEN_TRUE •

    $default  reduce using rule 73 (primary_expr)


State 56

   74 primary_expr: TOKEN_FALSE •

    $default  reduce using rule 74 (primary_expr)


State 57

   71 primary_expr: TOKEN_INTEGER_LITERAL •

    $default  reduce using rule 71 (primary_expr)


State 58

   72 primary_expr: TOKEN_REAL_LITERAL •

    $default  reduce using rule 72 (primary_expr)


State 59

   75 primary_expr: TOKEN_STRING_LITERAL •

    $default  reduce using rule 75 (primary_expr)


State 60

   76 primary_expr: TOKEN_IDENTIFIER •
   77             | TOKEN_IDENTIFIER • TOKEN_LPAREN argument_list TOKEN_RPAREN
   78             | TOKEN_IDENTIFIER • TOKEN_LPAREN TOKEN_RPAREN
   79             | TOKEN_IDENTIFIER • TOKEN_LBRACKET expression TOKEN_RBRACKET

    TOKEN_LPAREN    shift, and go to state 86
    TOKEN_LBRACKET  shift, and go to state 87

    $default  reduce using rule 76 (primary_expr)


State 61

   70 unary_expr: TOKEN_MINUS • unary_expr

    TOKEN_TRUE             shift, and go to state 55
    TOKEN_FALSE            shift, and go to state 56
    TOKEN_INTEGER_LITERAL  shift, and go to state 57
    TOKEN_REAL_LITERAL     shift, and go to state 58
    TOKEN_STRING_LITERAL   shift, and go to state 59
    TOKEN_IDENTIFIER       shift, and go to state 60
    TOKEN_MINUS            shift, and go to state 61
    TOKEN_NOT              shift, and go to state 62
    TOKEN_LPAREN           shift, and go to state 63

    unary_expr    go to state 88
    primary_expr  go to state 72


State 62

   69 unary_expr: TOKEN_NOT • unary_expr

    TOKEN_TRUE             shift, and go to state 55
    TOKEN_FALSE            shift, and go to state 56
    TOKEN_INTEGER_LITERAL  shift, and go to state 57
    TOKEN_REAL_LITERAL     shift, and go to state 58
    TOKEN_STRING_LITERAL   shift, and go to state 59
    TOKEN_IDENTIFIER       shift, and go to state 60
    TOKEN_MINUS            shift, and go to state 61
    TOKEN_NOT              shift, and go to state 62
    TOKEN_LPAREN           shift, and go to state 63

    unary_expr    go to state 89
    primary_expr  go to state 72


State 63

   80 primary_expr: TOKEN_LPAREN • expression TOKEN_RPAREN

    TOKEN_TRUE             shift, and go to state 55
    TOKEN_FALSE            shift, and go to state 56
    TOKEN_INTEGER_LITERAL  shift, and go to state 57
    TOKEN_REAL_LITERAL     shift, and go to state 58
    TOKEN_STRING_LITERAL   shift, and go to state 59
    TOKEN_IDENTIFIER       shift, and go to state 60
    TOKEN_MINUS            shift, and go to state 61
    TOKEN_NOT              shift, and go to state 62
    TOKEN_LPAREN           shift, and go to state 63

    expression       go to state 90
    or_expr          go to state 65
    xor_expr         go to state 66
    and_expr         go to state 67
    comparison_expr  go to state 68
    add_expr         go to state 69
    mult_expr        go to state 70
    unary_expr       go to state 71
    primary_expr     go to state 72


State 64

   35 if_stmt: TOKEN_IF expression • TOKEN_THEN statement_list TOKEN_END_IF
   36        | TOKEN_IF expression • TOKEN_THEN statement_list TOKEN_ELSE statement_list TOKEN_END_IF
   37        | TOKEN_IF expression • TOKEN_THEN statement_list elsif_list TOKEN_END_IF
   38        | TOKEN_IF expression • TOKEN_THEN statement_list elsif_list TOKEN_ELSE statement_list TOKEN_END_IF

    TOKEN_THEN  shift, and go to state 91


State 65

   47 expression: or_expr •
   49 or_expr: or_expr • TOKEN_OR xor_expr

    TOKEN_OR  shift, and go to state 92

    $default  reduce using rule 47 (expression)


State 66

   48 or_expr: xor_expr •
   51 xor_expr: xor_expr • TOKEN_XOR and_expr

    TOKEN_XOR  shift, and go to state 93

    $default  reduce using rule 48 (or_expr)


State 67

   50 xor_expr: and_expr •
   53 and_expr: and_expr • TOKEN_AND comparison_expr

    TOKEN_AND  shift, and go to state 94

    $default  reduce using rule 50 (xor_expr)


State 68

   52 and_expr: comparison_expr •
   55 comparison_expr: comparison_expr • TOKEN_EQ add_expr
   56                | comparison_expr • TOKEN_NE add_expr
   57                | comparison_expr • TOKEN_LT add_expr
   58                | comparison_expr • TOKEN_LE add_expr
   59                | comparison_expr • TOKEN_GT add_expr
   60                | comparison_expr • TOKEN_GE add_expr

    TOKEN_EQ  shift, and go to state 95
    TOKEN_NE  shift, and go to state 96
    TOKEN_LT  shift, and go to state 97
    TOKEN_LE  shift, and go to state 98
    TOKEN_GT  shift, and go to state 99
    TOKEN_GE  shift, and go to state 100

    $default  reduce using rule 52 (and_expr)


State 69

   54 comparison_expr: add_expr •
   62 add_expr: add_expr • TOKEN_PLUS mult_expr
   63         | add_expr • TOKEN_MINUS mult_expr

    TOKEN_PLUS   shift, and go to state 101
    TOKEN_MINUS  shift, and go to state 102

    $default  reduce using rule 54 (comparison_expr)


State 70

   61 add_expr: mult_expr •
   65 mult_expr: mult_expr • TOKEN_MULTIPLY unary_expr
   66          | mult_expr • TOKEN_DIVIDE unary_expr
   67          | mult_expr • TOKEN_MOD unary_expr

    TOKEN_MULTIPLY  shift, and go to state 103
    TOKEN_DIVIDE    shift, and go to state 104
    TOKEN_MOD       shift, and go to state 105

    $default  reduce using rule 61 (add_expr)


State 71

   64 mult_expr: unary_expr •

    $default  reduce using rule 64 (mult_expr)


State 72

   68 unary_expr: primary_expr •

    $default  reduce using rule 68 (unary_expr)


State 73

   44 case_stmt: TOKEN_CASE expression • TOKEN_OF statement_list TOKEN_END_CASE

    TOKEN_OF  shift, and go to state 106


State 74

   42 for_stmt: TOKEN_FOR TOKEN_IDENTIFIER • TOKEN_ASSIGN expression TOKEN_TO expression TOKEN_DO statement_list TOKEN_END_FOR
   43         | TOKEN_FOR TOKEN_IDENTIFIER • TOKEN_ASSIGN expression TOKEN_TO expression TOKEN_BY expression TOKEN_DO statement_list TOKEN_END_FOR

    TOKEN_ASSIGN  shift, and go to state 107


State 75

   41 while_stmt: TOKEN_WHILE expression • TOKEN_DO statement_list TOKEN_END_WHILE

    TOKEN_DO  shift, and go to state 108


State 76

   45 return_stmt: TOKEN_RETURN TOKEN_SEMICOLON •

    $default  reduce using rule 45 (return_stmt)


State 77

   46 return_stmt: TOKEN_RETURN expression • TOKEN_SEMICOLON

    TOKEN_SEMICOLON  shift, and go to state 109


State 78

   33 assignment_stmt: TOKEN_IDENTIFIER TOKEN_ASSIGN • expression TOKEN_SEMICOLON

    TOKEN_TRUE             shift, and go to state 55
    TOKEN_FALSE            shift, and go to state 56
    TOKEN_INTEGER_LITERAL  shift, and go to state 57
    TOKEN_REAL_LITERAL     shift, and go to state 58
    TOKEN_STRING_LITERAL   shift, and go to state 59
    TOKEN_IDENTIFIER       shift, and go to state 60
    TOKEN_MINUS            shift, and go to state 61
    TOKEN_NOT              shift, and go to state 62
    TOKEN_LPAREN           shift, and go to state 63

    expression       go to state 110
    or_expr          go to state 65
    xor_expr         go to state 66
    and_expr         go to state 67
    comparison_expr  go to state 68
    add_expr         go to state 69
    mult_expr        go to state 70
    unary_expr       go to state 71
    primary_expr     go to state 72


State 79

   34 assignment_stmt: TOKEN_IDENTIFIER TOKEN_LBRACKET • expression TOKEN_RBRACKET TOKEN_ASSIGN expression TOKEN_SEMICOLON

    TOKEN_TRUE             shift, and go to state 55
    TOKEN_FALSE            shift, and go to state 56
    TOKEN_INTEGER_LITERAL  shift, and go to state 57
    TOKEN_REAL_LITERAL     shift, and go to state 58
    TOKEN_STRING_LITERAL   shift, and go to state 59
    TOKEN_IDENTIFIER       shift, and go to state 60
    TOKEN_MINUS            shift, and go to state 61
    TOKEN_NOT              shift, and go to state 62
    TOKEN_LPAREN           shift, and go to state 63

    expression       go to state 111
    or_expr          go to state 65
    xor_expr         go to state 66
    and_expr         go to state 67
    comparison_expr  go to state 68
    add_expr         go to state 69
    mult_expr        go to state 70
    unary_expr       go to state 71
    primary_expr     go to state 72


State 80

   19 type_spec: TOKEN_ARRAY TOKEN_LBRACKET • TOKEN_INTEGER_LITERAL TOKEN_RANGE TOKEN_INTEGER_LITERAL TOKEN_RBRACKET TOKEN_OF type_spec

    TOKEN_INTEGER_LITERAL  shift, and go to state 112


State 81

   12 var_decl_item: TOKEN_IDENTIFIER TOKEN_COLON type_spec TOKEN_ASSIGN • expression TOKEN_SEMICOLON

    TOKEN_TRUE             shift, and go to state 55
    TOKEN_FALSE            shift, and go to state 56
    TOKEN_INTEGER_LITERAL  shift, and go to state 57
    TOKEN_REAL_LITERAL     shift, and go to state 58
    TOKEN_STRING_LITERAL   shift, and go to state 59
    TOKEN_IDENTIFIER       shift, and go to state 60
    TOKEN_MINUS            shift, and go to state 61
    TOKEN_NOT              shift, and go to state 62
    TOKEN_LPAREN           shift, and go to state 63

    expression       go to state 113
    or_expr          go to state 65
    xor_expr         go to state 66
    and_expr         go to state 67
    comparison_expr  go to state 68
    add_expr         go to state 69
    mult_expr        go to state 70
    unary_expr       go to state 71
    primary_expr     go to state 72


State 82

   11 var_decl_item: TOKEN_IDENTIFIER TOKEN_COLON type_spec TOKEN_SEMICOLON •

    $default  reduce using rule 11 (var_decl_item)


State 83

   13 var_decl_item: var_decl_item TOKEN_IDENTIFIER TOKEN_COLON type_spec • TOKEN_SEMICOLON
   14              | var_decl_item TOKEN_IDENTIFIER TOKEN_COLON type_spec • TOKEN_ASSIGN expression TOKEN_SEMICOLON

    TOKEN_ASSIGN     shift, and go to state 114
    TOKEN_SEMICOLON  shift, and go to state 115


State 84

   22 function_decl: TOKEN_FUNCTION TOKEN_IDENTIFIER var_decl_list TOKEN_COLON • type_spec var_decl_list statement_list TOKEN_END_FUNCTION

    TOKEN_BOOL    shift, and go to state 47
    TOKEN_INT     shift, and go to state 48
    TOKEN_REAL    shift, and go to state 49
    TOKEN_STRING  shift, and go to state 50
    TOKEN_ARRAY   shift, and go to state 51

    type_spec  go to state 116


State 85

    7 var_decl_list: var_decl_list • var_decl
   23 function_decl: TOKEN_FUNCTION TOKEN_IDENTIFIER var_decl_list var_decl_list • statement_list TOKEN_END_FUNCTION

    TOKEN_VAR         shift, and go to state 10
    TOKEN_VAR_INPUT   shift, and go to state 11
    TOKEN_VAR_OUTPUT  shift, and go to state 12

    $default  reduce using rule 24 (statement_list)

    var_decl        go to state 13
    statement_list  go to state 117


State 86

   77 primary_expr: TOKEN_IDENTIFIER TOKEN_LPAREN • argument_list TOKEN_RPAREN
   78             | TOKEN_IDENTIFIER TOKEN_LPAREN • TOKEN_RPAREN

    TOKEN_TRUE             shift, and go to state 55
    TOKEN_FALSE            shift, and go to state 56
    TOKEN_INTEGER_LITERAL  shift, and go to state 57
    TOKEN_REAL_LITERAL     shift, and go to state 58
    TOKEN_STRING_LITERAL   shift, and go to state 59
    TOKEN_IDENTIFIER       shift, and go to state 60
    TOKEN_MINUS            shift, and go to state 61
    TOKEN_NOT              shift, and go to state 62
    TOKEN_LPAREN           shift, and go to state 63
    TOKEN_RPAREN           shift, and go to state 118

    expression       go to state 119
    or_expr          go to state 65
    xor_expr         go to state 66
    and_expr         go to state 67
    comparison_expr  go to state 68
    add_expr         go to state 69
    mult_expr        go to state 70
    unary_expr       go to state 71
    primary_expr     go to state 72
    argument_list    go to state 120


State 87

   79 primary_expr: TOKEN_IDENTIFIER TOKEN_LBRACKET • expression TOKEN_RBRACKET

    TOKEN_TRUE             shift, and go to state 55
    TOKEN_FALSE            shift, and go to state 56
    TOKEN_INTEGER_LITERAL  shift, and go to state 57
    TOKEN_REAL_LITERAL     shift, and go to state 58
    TOKEN_STRING_LITERAL   shift, and go to state 59
    TOKEN_IDENTIFIER       shift, and go to state 60
    TOKEN_MINUS            shift, and go to state 61
    TOKEN_NOT              shift, and go to state 62
    TOKEN_LPAREN           shift, and go to state 63

    expression       go to state 121
    or_expr          go to state 65
    xor_expr         go to state 66
    and_expr         go to state 67
    comparison_expr  go to state 68
    add_expr         go to state 69
    mult_expr        go to state 70
    unary_expr       go to state 71
    primary_expr     go to state 72


State 88

   70 unary_expr: TOKEN_MINUS unary_expr •

    $default  reduce using rule 70 (unary_expr)


State 89

   69 unary_expr: TOKEN_NOT unary_expr •

    $default  reduce using rule 69 (unary_expr)


State 90

   80 primary_expr: TOKEN_LPAREN expression • TOKEN_RPAREN

    TOKEN_RPAREN  shift, and go to state 122


State 91

   35 if_stmt: TOKEN_IF expression TOKEN_THEN • statement_list TOKEN_END_IF
   36        | TOKEN_IF expression TOKEN_THEN • statement_list TOKEN_ELSE statement_list TOKEN_END_IF
   37        | TOKEN_IF expression TOKEN_THEN • statement_list elsif_list TOKEN_END_IF
   38        | TOKEN_IF expression TOKEN_THEN • statement_list elsif_list TOKEN_ELSE statement_list TOKEN_END_IF

    $default  reduce using rule 24 (statement_list)

    statement_list  go to state 123


State 92

   49 or_expr: or_expr TOKEN_OR • xor_expr

    TOKEN_TRUE             shift, and go to state 55
    TOKEN_FALSE            shift, and go to state 56
    TOKEN_INTEGER_LITERAL  shift, and go to state 57
    TOKEN_REAL_LITERAL     shift, and go to state 58
    TOKEN_STRING_LITERAL   shift, and go to state 59
    TOKEN_IDENTIFIER       shift, and go to state 60
    TOKEN_MINUS            shift, and go to state 61
    TOKEN_NOT              shift, and go to state 62
    TOKEN_LPAREN           shift, and go to state 63

    xor_expr         go to state 124
    and_expr         go to state 67
    comparison_expr  go to state 68
    add_expr         go to state 69
    mult_expr        go to state 70
    unary_expr       go to state 71
    primary_expr     go to state 72


State 93

   51 xor_expr: xor_expr TOKEN_XOR • and_expr

    TOKEN_TRUE             shift, and go to state 55
    TOKEN_FALSE            shift, and go to state 56
    TOKEN_INTEGER_LITERAL  shift, and go to state 57
    TOKEN_REAL_LITERAL     shift, and go to state 58
    TOKEN_STRING_LITERAL   shift, and go to state 59
    TOKEN_IDENTIFIER       shift, and go to state 60
    TOKEN_MINUS            shift, and go to state 61
    TOKEN_NOT              shift, and go to state 62
    TOKEN_LPAREN           shift, and go to state 63

    and_expr         go to state 125
    comparison_expr  go to state 68
    add_expr         go to state 69
    mult_expr        go to state 70
    unary_expr       go to state 71
    primary_expr     go to state 72


State 94

   53 and_expr: and_expr TOKEN_AND • comparison_expr

    TOKEN_TRUE             shift, and go to state 55
    TOKEN_FALSE            shift, and go to state 56
    TOKEN_INTEGER_LITERAL  shift, and go to state 57
    TOKEN_REAL_LITERAL     shift, and go to state 58
    TOKEN_STRING_LITERAL   shift, and go to state 59
    TOKEN_IDENTIFIER       shift, and go to state 60
    TOKEN_MINUS            shift, and go to state 61
    TOKEN_NOT              shift, and go to state 62
    TOKEN_LPAREN           shift, and go to state 63

    comparison_expr  go to state 126
    add_expr         go to state 69
    mult_expr        go to state 70
    unary_expr       go to state 71
    primary_expr     go to state 72


State 95

   55 comparison_expr: comparison_expr TOKEN_EQ • add_expr

    TOKEN_TRUE             shift, and go to state 55
    TOKEN_FALSE            shift, and go to state 56
    TOKEN_INTEGER_LITERAL  shift, and go to state 57
    TOKEN_REAL_LITERAL     shift, and go to state 58
    TOKEN_STRING_LITERAL   shift, and go to state 59
    TOKEN_IDENTIFIER       shift, and go to state 60
    TOKEN_MINUS            shift, and go to state 61
    TOKEN_NOT              shift, and go to state 62
    TOKEN_LPAREN           shift, and go to state 63

    add_expr      go to state 127
    mult_expr     go to state 70
    unary_expr    go to state 71
    primary_expr  go to state 72


State 96

   56 comparison_expr: comparison_expr TOKEN_NE • add_expr

    TOKEN_TRUE             shift, and go to state 55
    TOKEN_FALSE            shift, and go to state 56
    TOKEN_INTEGER_LITERAL  shift, and go to state 57
    TOKEN_REAL_LITERAL     shift, and go to state 58
    TOKEN_STRING_LITERAL   shift, and go to state 59
    TOKEN_IDENTIFIER       shift, and go to state 60
    TOKEN_MINUS            shift, and go to state 61
    TOKEN_NOT              shift, and go to state 62
    TOKEN_LPAREN           shift, and go to state 63

    add_expr      go to state 128
    mult_expr     go to state 70
    unary_expr    go to state 71
    primary_expr  go to state 72


State 97

   57 comparison_expr: comparison_expr TOKEN_LT • add_expr

    TOKEN_TRUE             shift, and go to state 55
    TOKEN_FALSE            shift, and go to state 56
    TOKEN_INTEGER_LITERAL  shift, and go to state 57
    TOKEN_REAL_LITERAL     shift, and go to state 58
    TOKEN_STRING_LITERAL   shift, and go to state 59
    TOKEN_IDENTIFIER       shift, and go to state 60
    TOKEN_MINUS            shift, and go to state 61
    TOKEN_NOT              shift, and go to state 62
    TOKEN_LPAREN           shift, and go to state 63

    add_expr      go to state 129
    mult_expr     go to state 70
    unary_expr    go to state 71
    primary_expr  go to state 72


State 98

   58 comparison_expr: comparison_expr TOKEN_LE • add_expr

    TOKEN_TRUE             shift, and go to state 55
    TOKEN_FALSE            shift, and go to state 56
    TOKEN_INTEGER_LITERAL  shift, and go to state 57
    TOKEN_REAL_LITERAL     shift, and go to state 58
    TOKEN_STRING_LITERAL   shift, and go to state 59
    TOKEN_IDENTIFIER       shift, and go to state 60
    TOKEN_MINUS            shift, and go to state 61
    TOKEN_NOT              shift, and go to state 62
    TOKEN_LPAREN           shift, and go to state 63

    add_expr      go to state 130
    mult_expr     go to state 70
    unary_expr    go to state 71
    primary_expr  go to state 72


State 99

   59 comparison_expr: comparison_expr TOKEN_GT • add_expr

    TOKEN_TRUE             shift, and go to state 55
    TOKEN_FALSE            shift, and go to state 56
    TOKEN_INTEGER_LITERAL  shift, and go to state 57
    TOKEN_REAL_LITERAL     shift, and go to state 58
    TOKEN_STRING_LITERAL   shift, and go to state 59
    TOKEN_IDENTIFIER       shift, and go to state 60
    TOKEN_MINUS            shift, and go to state 61
    TOKEN_NOT              shift, and go to state 62
    TOKEN_LPAREN           shift, and go to state 63

    add_expr      go to state 131
    mult_expr     go to state 70
    unary_expr    go to state 71
    primary_expr  go to state 72


State 100

   60 comparison_expr: comparison_expr TOKEN_GE • add_expr

    TOKEN_TRUE             shift, and go to state 55
    TOKEN_FALSE            shift, and go to state 56
    TOKEN_INTEGER_LITERAL  shift, and go to state 57
    TOKEN_REAL_LITERAL     shift, and go to state 58
    TOKEN_STRING_LITERAL   shift, and go to state 59
    TOKEN_IDENTIFIER       shift, and go to state 60
    TOKEN_MINUS            shift, and go to state 61
    TOKEN_NOT              shift, and go to state 62
    TOKEN_LPAREN           shift, and go to state 63

    add_expr      go to state 132
    mult_expr     go to state 70
    unary_expr    go to state 71
    primary_expr  go to state 72


State 101

   62 add_expr: add_expr TOKEN_PLUS • mult_expr

    TOKEN_TRUE             shift, and go to state 55
    TOKEN_FALSE            shift, and go to state 56
    TOKEN_INTEGER_LITERAL  shift, and go to state 57
    TOKEN_REAL_LITERAL     shift, and go to state 58
    TOKEN_STRING_LITERAL   shift, and go to state 59
    TOKEN_IDENTIFIER       shift, and go to state 60
    TOKEN_MINUS            shift, and go to state 61
    TOKEN_NOT              shift, and go to state 62
    TOKEN_LPAREN           shift, and go to state 63

    mult_expr     go to state 133
    unary_expr    go to state 71
    primary_expr  go to state 72


State 102

   63 add_expr: add_expr TOKEN_MINUS • mult_expr

    TOKEN_TRUE             shift, and go to state 55
    TOKEN_FALSE            shift, and go to state 56
    TOKEN_INTEGER_LITERAL  shift, and go to state 57
    TOKEN_REAL_LITERAL     shift, and go to state 58
    TOKEN_STRING_LITERAL   shift, and go to state 59
    TOKEN_IDENTIFIER       shift, and go to state 60
    TOKEN_MINUS            shift, and go to state 61
    TOKEN_NOT              shift, and go to state 62
    TOKEN_LPAREN           shift, and go to state 63

    mult_expr     go to state 134
    unary_expr    go to state 71
    primary_expr  go to state 72


State 103

   65 mult_expr: mult_expr TOKEN_MULTIPLY • unary_expr

    TOKEN_TRUE             shift, and go to state 55
    TOKEN_FALSE            shift, and go to state 56
    TOKEN_INTEGER_LITERAL  shift, and go to state 57
    TOKEN_REAL_LITERAL     shift, and go to state 58
    TOKEN_STRING_LITERAL   shift, and go to state 59
    TOKEN_IDENTIFIER       shift, and go to state 60
    TOKEN_MINUS            shift, and go to state 61
    TOKEN_NOT              shift, and go to state 62
    TOKEN_LPAREN           shift, and go to state 63

    unary_expr    go to state 135
    primary_expr  go to state 72


State 104

   66 mult_expr: mult_expr TOKEN_DIVIDE • unary_expr

    TOKEN_TRUE             shift, and go to state 55
    TOKEN_FALSE            shift, and go to state 56
    TOKEN_INTEGER_LITERAL  shift, and go to state 57
    TOKEN_REAL_LITERAL     shift, and go to state 58
    TOKEN_STRING_LITERAL   shift, and go to state 59
    TOKEN_IDENTIFIER       shift, and go to state 60
    TOKEN_MINUS            shift, and go to state 61
    TOKEN_NOT              shift, and go to state 62
    TOKEN_LPAREN           shift, and go to state 63

    unary_expr    go to state 136
    primary_expr  go to state 72


State 105

   67 mult_expr: mult_expr TOKEN_MOD • unary_expr

    TOKEN_TRUE             shift, and go to state 55
    TOKEN_FALSE            shift, and go to state 56
    TOKEN_INTEGER_LITERAL  shift, and go to state 57
    TOKEN_REAL_LITERAL     shift, and go to state 58
    TOKEN_STRING_LITERAL   shift, and go to state 59
    TOKEN_IDENTIFIER       shift, and go to state 60
    TOKEN_MINUS            shift, and go to state 61
    TOKEN_NOT              shift, and go to state 62
    TOKEN_LPAREN           shift, and go to state 63

    unary_expr    go to state 137
    primary_expr  go to state 72


State 106

   44 case_stmt: TOKEN_CASE expression TOKEN_OF • statement_list TOKEN_END_CASE

    $default  reduce using rule 24 (statement_list)

    statement_list  go to state 138


State 107

   42 for_stmt: TOKEN_FOR TOKEN_IDENTIFIER TOKEN_ASSIGN • expression TOKEN_TO expression TOKEN_DO statement_list TOKEN_END_FOR
   43         | TOKEN_FOR TOKEN_IDENTIFIER TOKEN_ASSIGN • expression TOKEN_TO expression TOKEN_BY expression TOKEN_DO statement_list TOKEN_END_FOR

    TOKEN_TRUE             shift, and go to state 55
    TOKEN_FALSE            shift, and go to state 56
    TOKEN_INTEGER_LITERAL  shift, and go to state 57
    TOKEN_REAL_LITERAL     shift, and go to state 58
    TOKEN_STRING_LITERAL   shift, and go to state 59
    TOKEN_IDENTIFIER       shift, and go to state 60
    TOKEN_MINUS            shift, and go to state 61
    TOKEN_NOT              shift, and go to state 62
    TOKEN_LPAREN           shift, and go to state 63

    expression       go to state 139
    or_expr          go to state 65
    xor_expr         go to state 66
    and_expr         go to state 67
    comparison_expr  go to state 68
    add_expr         go to state 69
    mult_expr        go to state 70
    unary_expr       go to state 71
    primary_expr     go to state 72


State 108

   41 while_stmt: TOKEN_WHILE expression TOKEN_DO • statement_list TOKEN_END_WHILE

    $default  reduce using rule 24 (statement_list)

    statement_list  go to state 140


State 109

   46 return_stmt: TOKEN_RETURN expression TOKEN_SEMICOLON •

    $default  reduce using rule 46 (return_stmt)


State 110

   33 assignment_stmt: TOKEN_IDENTIFIER TOKEN_ASSIGN expression • TOKEN_SEMICOLON

    TOKEN_SEMICOLON  shift, and go to state 141


State 111

   34 assignment_stmt: TOKEN_IDENTIFIER TOKEN_LBRACKET expression • TOKEN_RBRACKET TOKEN_ASSIGN expression TOKEN_SEMICOLON

    TOKEN_RBRACKET  shift, and go to state 142


State 112

   19 type_spec: TOKEN_ARRAY TOKEN_LBRACKET TOKEN_INTEGER_LITERAL • TOKEN_RANGE TOKEN_INTEGER_LITERAL TOKEN_RBRACKET TOKEN_OF type_spec

    TOKEN_RANGE  shift, and go to state 143


State 113

   12 var_decl_item: TOKEN_IDENTIFIER TOKEN_COLON type_spec TOKEN_ASSIGN expression • TOKEN_SEMICOLON

    TOKEN_SEMICOLON  shift, and go to state 144


State 114

   14 var_decl_item: var_decl_item TOKEN_IDENTIFIER TOKEN_COLON type_spec TOKEN_ASSIGN • expression TOKEN_SEMICOLON

    TOKEN_TRUE             shift, and go to state 55
    TOKEN_FALSE            shift, and go to state 56
    TOKEN_INTEGER_LITERAL  shift, and go to state 57
    TOKEN_REAL_LITERAL     shift, and go to state 58
    TOKEN_STRING_LITERAL   shift, and go to state 59
    TOKEN_IDENTIFIER       shift, and go to state 60
    TOKEN_MINUS            shift, and go to state 61
    TOKEN_NOT              shift, and go to state 62
    TOKEN_LPAREN           shift, and go to state 63

    expression       go to state 145
    or_expr          go to state 65
    xor_expr         go to state 66
    and_expr         go to state 67
    comparison_expr  go to state 68
    add_expr         go to state 69
    mult_expr        go to state 70
    unary_expr       go to state 71
    primary_expr     go to state 72


State 115

   13 var_decl_item: var_decl_item TOKEN_IDENTIFIER TOKEN_COLON type_spec TOKEN_SEMICOLON •

    $default  reduce using rule 13 (var_decl_item)


State 116

   22 function_decl: TOKEN_FUNCTION TOKEN_IDENTIFIER var_decl_list TOKEN_COLON type_spec • var_decl_list statement_list TOKEN_END_FUNCTION

    $default  reduce using rule 6 (var_decl_list)

    var_decl_list  go to state 146


State 117

   23 function_decl: TOKEN_FUNCTION TOKEN_IDENTIFIER var_decl_list var_decl_list statement_list • TOKEN_END_FUNCTION
   25 statement_list: statement_list • statement

    TOKEN_END_FUNCTION  shift, and go to state 147
    TOKEN_IF            shift, and go to state 32
    TOKEN_CASE          shift, and go to state 33
    TOKEN_FOR           shift, and go to state 34
    TOKEN_WHILE         shift, and go to state 35
    TOKEN_RETURN        shift, and go to state 36
    TOKEN_IDENTIFIER    shift, and go to state 37
    TOKEN_SEMICOLON     shift, and go to state 38

    statement        go to state 39
    assignment_stmt  go to state 40
    if_stmt          go to state 41
    while_stmt       go to state 42
    for_stmt         go to state 43
    case_stmt        go to state 44
    return_stmt      go to state 45


State 118

   78 primary_expr: TOKEN_IDENTIFIER TOKEN_LPAREN TOKEN_RPAREN •

    $default  reduce using rule 78 (primary_expr)


State 119

   81 argument_list: expression •

    $default  reduce using rule 81 (argument_list)


State 120

   77 primary_expr: TOKEN_IDENTIFIER TOKEN_LPAREN argument_list • TOKEN_RPAREN
   82 argument_list: argument_list • TOKEN_COMMA expression

    TOKEN_COMMA   shift, and go to state 148
    TOKEN_RPAREN  shift, and go to state 149


State 121

   79 primary_expr: TOKEN_IDENTIFIER TOKEN_LBRACKET expression • TOKEN_RBRACKET

    TOKEN_RBRACKET  shift, and go to state 150


State 122

   80 primary_expr: TOKEN_LPAREN expression TOKEN_RPAREN •

    $default  reduce using rule 80 (primary_expr)


State 123

   25 statement_list: statement_list • statement
   35 if_stmt: TOKEN_IF expression TOKEN_THEN statement_list • TOKEN_END_IF
   36        | TOKEN_IF expression TOKEN_THEN statement_list • TOKEN_ELSE statement_list TOKEN_END_IF
   37        | TOKEN_IF expression TOKEN_THEN statement_list • elsif_list TOKEN_END_IF
   38        | TOKEN_IF expression TOKEN_THEN statement_list • elsif_list TOKEN_ELSE statement_list TOKEN_END_IF

    TOKEN_IF          shift, and go to state 32
    TOKEN_ELSIF       shift, and go to state 151
    TOKEN_ELSE        shift, and go to state 152
    TOKEN_END_IF      shift, and go to state 153
    TOKEN_CASE        shift, and go to state 33
    TOKEN_FOR         shift, and go to state 34
    TOKEN_WHILE       shift, and go to state 35
    TOKEN_RETURN      shift, and go to state 36
    TOKEN_IDENTIFIER  shift, and go to state 37
    TOKEN_SEMICOLON   shift, and go to state 38

    statement        go to state 39
    assignment_stmt  go to state 40
    if_stmt          go to state 41
    elsif_list       go to state 154
    while_stmt       go to state 42
    for_stmt         go to state 43
    case_stmt        go to state 44
    return_stmt      go to state 45


State 124

   49 or_expr: or_expr TOKEN_OR xor_expr •
   51 xor_expr: xor_expr • TOKEN_XOR and_expr

    TOKEN_XOR  shift, and go to state 93

    $default  reduce using rule 49 (or_expr)


State 125

   51 xor_expr: xor_expr TOKEN_XOR and_expr •
   53 and_expr: and_expr • TOKEN_AND comparison_expr

    TOKEN_AND  shift, and go to state 94

    $default  reduce using rule 51 (xor_expr)


State 126

   53 and_expr: and_expr TOKEN_AND comparison_expr •
   55 comparison_expr: comparison_expr • TOKEN_EQ add_expr
   56                | comparison_expr • TOKEN_NE add_expr
   57                | comparison_expr • TOKEN_LT add_expr
   58                | comparison_expr • TOKEN_LE add_expr
   59                | comparison_expr • TOKEN_GT add_expr
   60                | comparison_expr • TOKEN_GE add_expr

    TOKEN_EQ  shift, and go to state 95
    TOKEN_NE  shift, and go to state 96
    TOKEN_LT  shift, and go to state 97
    TOKEN_LE  shift, and go to state 98
    TOKEN_GT  shift, and go to state 99
    TOKEN_GE  shift, and go to state 100

    $default  reduce using rule 53 (and_expr)


State 127

   55 comparison_expr: comparison_expr TOKEN_EQ add_expr •
   62 add_expr: add_expr • TOKEN_PLUS mult_expr
   63         | add_expr • TOKEN_MINUS mult_expr

    TOKEN_PLUS   shift, and go to state 101
    TOKEN_MINUS  shift, and go to state 102

    $default  reduce using rule 55 (comparison_expr)


State 128

   56 comparison_expr: comparison_expr TOKEN_NE add_expr •
   62 add_expr: add_expr • TOKEN_PLUS mult_expr
   63         | add_expr • TOKEN_MINUS mult_expr

    TOKEN_PLUS   shift, and go to state 101
    TOKEN_MINUS  shift, and go to state 102

    $default  reduce using rule 56 (comparison_expr)


State 129

   57 comparison_expr: comparison_expr TOKEN_LT add_expr •
   62 add_expr: add_expr • TOKEN_PLUS mult_expr
   63         | add_expr • TOKEN_MINUS mult_expr

    TOKEN_PLUS   shift, and go to state 101
    TOKEN_MINUS  shift, and go to state 102

    $default  reduce using rule 57 (comparison_expr)


State 130

   58 comparison_expr: comparison_expr TOKEN_LE add_expr •
   62 add_expr: add_expr • TOKEN_PLUS mult_expr
   63         | add_expr • TOKEN_MINUS mult_expr

    TOKEN_PLUS   shift, and go to state 101
    TOKEN_MINUS  shift, and go to state 102

    $default  reduce using rule 58 (comparison_expr)


State 131

   59 comparison_expr: comparison_expr TOKEN_GT add_expr •
   62 add_expr: add_expr • TOKEN_PLUS mult_expr
   63         | add_expr • TOKEN_MINUS mult_expr

    TOKEN_PLUS   shift, and go to state 101
    TOKEN_MINUS  shift, and go to state 102

    $default  reduce using rule 59 (comparison_expr)


State 132

   60 comparison_expr: comparison_expr TOKEN_GE add_expr •
   62 add_expr: add_expr • TOKEN_PLUS mult_expr
   63         | add_expr • TOKEN_MINUS mult_expr

    TOKEN_PLUS   shift, and go to state 101
    TOKEN_MINUS  shift, and go to state 102

    $default  reduce using rule 60 (comparison_expr)


State 133

   62 add_expr: add_expr TOKEN_PLUS mult_expr •
   65 mult_expr: mult_expr • TOKEN_MULTIPLY unary_expr
   66          | mult_expr • TOKEN_DIVIDE unary_expr
   67          | mult_expr • TOKEN_MOD unary_expr

    TOKEN_MULTIPLY  shift, and go to state 103
    TOKEN_DIVIDE    shift, and go to state 104
    TOKEN_MOD       shift, and go to state 105

    $default  reduce using rule 62 (add_expr)


State 134

   63 add_expr: add_expr TOKEN_MINUS mult_expr •
   65 mult_expr: mult_expr • TOKEN_MULTIPLY unary_expr
   66          | mult_expr • TOKEN_DIVIDE unary_expr
   67          | mult_expr • TOKEN_MOD unary_expr

    TOKEN_MULTIPLY  shift, and go to state 103
    TOKEN_DIVIDE    shift, and go to state 104
    TOKEN_MOD       shift, and go to state 105

    $default  reduce using rule 63 (add_expr)


State 135

   65 mult_expr: mult_expr TOKEN_MULTIPLY unary_expr •

    $default  reduce using rule 65 (mult_expr)


State 136

   66 mult_expr: mult_expr TOKEN_DIVIDE unary_expr •

    $default  reduce using rule 66 (mult_expr)


State 137

   67 mult_expr: mult_expr TOKEN_MOD unary_expr •

    $default  reduce using rule 67 (mult_expr)


State 138

   25 statement_list: statement_list • statement
   44 case_stmt: TOKEN_CASE expression TOKEN_OF statement_list • TOKEN_END_CASE

    TOKEN_IF          shift, and go to state 32
    TOKEN_CASE        shift, and go to state 33
    TOKEN_END_CASE    shift, and go to state 155
    TOKEN_FOR         shift, and go to state 34
    TOKEN_WHILE       shift, and go to state 35
    TOKEN_RETURN      shift, and go to state 36
    TOKEN_IDENTIFIER  shift, and go to state 37
    TOKEN_SEMICOLON   shift, and go to state 38

    statement        go to state 39
    assignment_stmt  go to state 40
    if_stmt          go to state 41
    while_stmt       go to state 42
    for_stmt         go to state 43
    case_stmt        go to state 44
    return_stmt      go to state 45


State 139

   42 for_stmt: TOKEN_FOR TOKEN_IDENTIFIER TOKEN_ASSIGN expression • TOKEN_TO expression TOKEN_DO statement_list TOKEN_END_FOR
   43         | TOKEN_FOR TOKEN_IDENTIFIER TOKEN_ASSIGN expression • TOKEN_TO expression TOKEN_BY expression TOKEN_DO statement_list TOKEN_END_FOR

    TOKEN_TO  shift, and go to state 156


State 140

   25 statement_list: statement_list • statement
   41 while_stmt: TOKEN_WHILE expression TOKEN_DO statement_list • TOKEN_END_WHILE

    TOKEN_IF          shift, and go to state 32
    TOKEN_CASE        shift, and go to state 33
    TOKEN_FOR         shift, and go to state 34
    TOKEN_WHILE       shift, and go to state 35
    TOKEN_END_WHILE   shift, and go to state 157
    TOKEN_RETURN      shift, and go to state 36
    TOKEN_IDENTIFIER  shift, and go to state 37
    TOKEN_SEMICOLON   shift, and go to state 38

    statement        go to state 39
    assignment_stmt  go to state 40
    if_stmt          go to state 41
    while_stmt       go to state 42
    for_stmt         go to state 43
    case_stmt        go to state 44
    return_stmt      go to state 45


State 141

   33 assignment_stmt: TOKEN_IDENTIFIER TOKEN_ASSIGN expression TOKEN_SEMICOLON •

    $default  reduce using rule 33 (assignment_stmt)


State 142

   34 assignment_stmt: TOKEN_IDENTIFIER TOKEN_LBRACKET expression TOKEN_RBRACKET • TOKEN_ASSIGN expression TOKEN_SEMICOLON

    TOKEN_ASSIGN  shift, and go to state 158


State 143

   19 type_spec: TOKEN_ARRAY TOKEN_LBRACKET TOKEN_INTEGER_LITERAL TOKEN_RANGE • TOKEN_INTEGER_LITERAL TOKEN_RBRACKET TOKEN_OF type_spec

    TOKEN_INTEGER_LITERAL  shift, and go to state 159


State 144

   12 var_decl_item: TOKEN_IDENTIFIER TOKEN_COLON type_spec TOKEN_ASSIGN expression TOKEN_SEMICOLON •

    $default  reduce using rule 12 (var_decl_item)


State 145

   14 var_decl_item: var_decl_item TOKEN_IDENTIFIER TOKEN_COLON type_spec TOKEN_ASSIGN expression • TOKEN_SEMICOLON

    TOKEN_SEMICOLON  shift, and go to state 160


State 146

    7 var_decl_list: var_decl_list • var_decl
   22 function_decl: TOKEN_FUNCTION TOKEN_IDENTIFIER var_decl_list TOKEN_COLON type_spec var_decl_list • statement_list TOKEN_END_FUNCTION

    TOKEN_VAR         shift, and go to state 10
    TOKEN_VAR_INPUT   shift, and go to state 11
    TOKEN_VAR_OUTPUT  shift, and go to state 12

    $default  reduce using rule 24 (statement_list)

    var_decl        go to state 13
    statement_list  go to state 161


State 147

   23 function_decl: TOKEN_FUNCTION TOKEN_IDENTIFIER var_decl_list var_decl_list statement_list TOKEN_END_FUNCTION •

    $default  reduce using rule 23 (function_decl)


State 148

   82 argument_list: argument_list TOKEN_COMMA • expression

    TOKEN_TRUE             shift, and go to state 55
    TOKEN_FALSE            shift, and go to state 56
    TOKEN_INTEGER_LITERAL  shift, and go to state 57
    TOKEN_REAL_LITERAL     shift, and go to state 58
    TOKEN_STRING_LITERAL   shift, and go to state 59
    TOKEN_IDENTIFIER       shift, and go to state 60
    TOKEN_MINUS            shift, and go to state 61
    TOKEN_NOT              shift, and go to state 62
    TOKEN_LPAREN           shift, and go to state 63

    expression       go to state 162
    or_expr          go to state 65
    xor_expr         go to state 66
    and_expr         go to state 67
    comparison_expr  go to state 68
    add_expr         go to state 69
    mult_expr        go to state 70
    unary_expr       go to state 71
    primary_expr     go to state 72


State 149

   77 primary_expr: TOKEN_IDENTIFIER TOKEN_LPAREN argument_list TOKEN_RPAREN •

    $default  reduce using rule 77 (primary_expr)


State 150

   79 primary_expr: TOKEN_IDENTIFIER TOKEN_LBRACKET expression TOKEN_RBRACKET •

    $default  reduce using rule 79 (primary_expr)


State 151

   39 elsif_list: TOKEN_ELSIF • expression TOKEN_THEN statement_list

    TOKEN_TRUE             shift, and go to state 55
    TOKEN_FALSE            shift, and go to state 56
    TOKEN_INTEGER_LITERAL  shift, and go to state 57
    TOKEN_REAL_LITERAL     shift, and go to state 58
    TOKEN_STRING_LITERAL   shift, and go to state 59
    TOKEN_IDENTIFIER       shift, and go to state 60
    TOKEN_MINUS            shift, and go to state 61
    TOKEN_NOT              shift, and go to state 62
    TOKEN_LPAREN           shift, and go to state 63

    expression       go to state 163
    or_expr          go to state 65
    xor_expr         go to state 66
    and_expr         go to state 67
    comparison_expr  go to state 68
    add_expr         go to state 69
    mult_expr        go to state 70
    unary_expr       go to state 71
    primary_expr     go to state 72


State 152

   36 if_stmt: TOKEN_IF expression TOKEN_THEN statement_list TOKEN_ELSE • statement_list TOKEN_END_IF

    $default  reduce using rule 24 (statement_list)

    statement_list  go to state 164


State 153

   35 if_stmt: TOKEN_IF expression TOKEN_THEN statement_list TOKEN_END_IF •

    $default  reduce using rule 35 (if_stmt)


State 154

   37 if_stmt: TOKEN_IF expression TOKEN_THEN statement_list elsif_list • TOKEN_END_IF
   38        | TOKEN_IF expression TOKEN_THEN statement_list elsif_list • TOKEN_ELSE statement_list TOKEN_END_IF
   40 elsif_list: elsif_list • TOKEN_ELSIF expression TOKEN_THEN statement_list

    TOKEN_ELSIF   shift, and go to state 165
    TOKEN_ELSE    shift, and go to state 166
    TOKEN_END_IF  shift, and go to state 167


State 155

   44 case_stmt: TOKEN_CASE expression TOKEN_OF statement_list TOKEN_END_CASE •

    $default  reduce using rule 44 (case_stmt)


State 156

   42 for_stmt: TOKEN_FOR TOKEN_IDENTIFIER TOKEN_ASSIGN expression TOKEN_TO • expression TOKEN_DO statement_list TOKEN_END_FOR
   43         | TOKEN_FOR TOKEN_IDENTIFIER TOKEN_ASSIGN expression TOKEN_TO • expression TOKEN_BY expression TOKEN_DO statement_list TOKEN_END_FOR

    TOKEN_TRUE             shift, and go to state 55
    TOKEN_FALSE            shift, and go to state 56
    TOKEN_INTEGER_LITERAL  shift, and go to state 57
    TOKEN_REAL_LITERAL     shift, and go to state 58
    TOKEN_STRING_LITERAL   shift, and go to state 59
    TOKEN_IDENTIFIER       shift, and go to state 60
    TOKEN_MINUS            shift, and go to state 61
    TOKEN_NOT              shift, and go to state 62
    TOKEN_LPAREN           shift, and go to state 63

    expression       go to state 168
    or_expr          go to state 65
    xor_expr         go to state 66
    and_expr         go to state 67
    comparison_expr  go to state 68
    add_expr         go to state 69
    mult_expr        go to state 70
    unary_expr       go to state 71
    primary_expr     go to state 72


State 157

   41 while_stmt: TOKEN_WHILE expression TOKEN_DO statement_list TOKEN_END_WHILE •

    $default  reduce using rule 41 (while_stmt)


State 158

   34 assignment_stmt: TOKEN_IDENTIFIER TOKEN_LBRACKET expression TOKEN_RBRACKET TOKEN_ASSIGN • expression TOKEN_SEMICOLON

    TOKEN_TRUE             shift, and go to state 55
    TOKEN_FALSE            shift, and go to state 56
    TOKEN_INTEGER_LITERAL  shift, and go to state 57
    TOKEN_REAL_LITERAL     shift, and go to state 58
    TOKEN_STRING_LITERAL   shift, and go to state 59
    TOKEN_IDENTIFIER       shift, and go to state 60
    TOKEN_MINUS            shift, and go to state 61
    TOKEN_NOT              shift, and go to state 62
    TOKEN_LPAREN           shift, and go to state 63

    expression       go to state 169
    or_expr          go to state 65
    xor_expr         go to state 66
    and_expr         go to state 67
    comparison_expr  go to state 68
    add_expr         go to state 69
    mult_expr        go to state 70
    unary_expr       go to state 71
    primary_expr     go to state 72


State 159

   19 type_spec: TOKEN_ARRAY TOKEN_LBRACKET TOKEN_INTEGER_LITERAL TOKEN_RANGE TOKEN_INTEGER_LITERAL • TOKEN_RBRACKET TOKEN_OF type_spec

    TOKEN_RBRACKET  shift, and go to state 170


State 160

   14 var_decl_item: var_decl_item TOKEN_IDENTIFIER TOKEN_COLON type_spec TOKEN_ASSIGN expression TOKEN_SEMICOLON •

    $default  reduce using rule 14 (var_decl_item)


State 161

   22 function_decl: TOKEN_FUNCTION TOKEN_IDENTIFIER var_decl_list TOKEN_COLON type_spec var_decl_list statement_list • TOKEN_END_FUNCTION
   25 statement_list: statement_list • statement

    TOKEN_END_FUNCTION  shift, and go to state 171
    TOKEN_IF            shift, and go to state 32
    TOKEN_CASE          shift, and go to state 33
    TOKEN_FOR           shift, and go to state 34
    TOKEN_WHILE         shift, and go to state 35
    TOKEN_RETURN        shift, and go to state 36
    TOKEN_IDENTIFIER    shift, and go to state 37
    TOKEN_SEMICOLON     shift, and go to state 38

    statement        go to state 39
    assignment_stmt  go to state 40
    if_stmt          go to state 41
    while_stmt       go to state 42
    for_stmt         go to state 43
    case_stmt        go to state 44
    return_stmt      go to state 45


State 162

   82 argument_list: argument_list TOKEN_COMMA expression •

    $default  reduce using rule 82 (argument_list)


State 163

   39 elsif_list: TOKEN_ELSIF expression • TOKEN_THEN statement_list

    TOKEN_THEN  shift, and go to state 172


State 164

   25 statement_list: statement_list • statement
   36 if_stmt: TOKEN_IF expression TOKEN_THEN statement_list TOKEN_ELSE statement_list • TOKEN_END_IF

    TOKEN_IF          shift, and go to state 32
    TOKEN_END_IF      shift, and go to state 173
    TOKEN_CASE        shift, and go to state 33
    TOKEN_FOR         shift, and go to state 34
    TOKEN_WHILE       shift, and go to state 35
    TOKEN_RETURN      shift, and go to state 36
    TOKEN_IDENTIFIER  shift, and go to state 37
    TOKEN_SEMICOLON   shift, and go to state 38

    statement        go to state 39
    assignment_stmt  go to state 40
    if_stmt          go to state 41
    while_stmt       go to state 42
    for_stmt         go to state 43
    case_stmt        go to state 44
    return_stmt      go to state 45


State 165

   40 elsif_list: elsif_list TOKEN_ELSIF • expression TOKEN_THEN statement_list

    TOKEN_TRUE             shift, and go to state 55
    TOKEN_FALSE            shift, and go to state 56
    TOKEN_INTEGER_LITERAL  shift, and go to state 57
    TOKEN_REAL_LITERAL     shift, and go to state 58
    TOKEN_STRING_LITERAL   shift, and go to state 59
    TOKEN_IDENTIFIER       shift, and go to state 60
    TOKEN_MINUS            shift, and go to state 61
    TOKEN_NOT              shift, and go to state 62
    TOKEN_LPAREN           shift, and go to state 63

    expression       go to state 174
    or_expr          go to state 65
    xor_expr         go to state 66
    and_expr         go to state 67
    comparison_expr  go to state 68
    add_expr         go to state 69
    mult_expr        go to state 70
    unary_expr       go to state 71
    primary_expr     go to state 72


State 166

   38 if_stmt: TOKEN_IF expression TOKEN_THEN statement_list elsif_list TOKEN_ELSE • statement_list TOKEN_END_IF

    $default  reduce using rule 24 (statement_list)

    statement_list  go to state 175


State 167

   37 if_stmt: TOKEN_IF expression TOKEN_THEN statement_list elsif_list TOKEN_END_IF •

    $default  reduce using rule 37 (if_stmt)


State 168

   42 for_stmt: TOKEN_FOR TOKEN_IDENTIFIER TOKEN_ASSIGN expression TOKEN_TO expression • TOKEN_DO statement_list TOKEN_END_FOR
   43         | TOKEN_FOR TOKEN_IDENTIFIER TOKEN_ASSIGN expression TOKEN_TO expression • TOKEN_BY expression TOKEN_DO statement_list TOKEN_END_FOR

    TOKEN_BY  shift, and go to state 176
    TOKEN_DO  shift, and go to state 177


State 169

   34 assignment_stmt: TOKEN_IDENTIFIER TOKEN_LBRACKET expression TOKEN_RBRACKET TOKEN_ASSIGN expression • TOKEN_SEMICOLON

    TOKEN_SEMICOLON  shift, and go to state 178


State 170

   19 type_spec: TOKEN_ARRAY TOKEN_LBRACKET TOKEN_INTEGER_LITERAL TOKEN_RANGE TOKEN_INTEGER_LITERAL TOKEN_RBRACKET • TOKEN_OF type_spec

    TOKEN_OF  shift, and go to state 179


State 171

   22 function_decl: TOKEN_FUNCTION TOKEN_IDENTIFIER var_decl_list TOKEN_COLON type_spec var_decl_list statement_list TOKEN_END_FUNCTION •

    $default  reduce using rule 22 (function_decl)


State 172

   39 elsif_list: TOKEN_ELSIF expression TOKEN_THEN • statement_list

    $default  reduce using rule 24 (statement_list)

    statement_list  go to state 180


State 173

   36 if_stmt: TOKEN_IF expression TOKEN_THEN statement_list TOKEN_ELSE statement_list TOKEN_END_IF •

    $default  reduce using rule 36 (if_stmt)


State 174

   40 elsif_list: elsif_list TOKEN_ELSIF expression • TOKEN_THEN statement_list

    TOKEN_THEN  shift, and go to state 181


State 175

   25 statement_list: statement_list • statement
   38 if_stmt: TOKEN_IF expression TOKEN_THEN statement_list elsif_list TOKEN_ELSE statement_list • TOKEN_END_IF

    TOKEN_IF          shift, and go to state 32
    TOKEN_END_IF      shift, and go to state 182
    TOKEN_CASE        shift, and go to state 33
    TOKEN_FOR         shift, and go to state 34
    TOKEN_WHILE       shift, and go to state 35
    TOKEN_RETURN      shift, and go to state 36
    TOKEN_IDENTIFIER  shift, and go to state 37
    TOKEN_SEMICOLON   shift, and go to state 38

    statement        go to state 39
    assignment_stmt  go to state 40
    if_stmt          go to state 41
    while_stmt       go to state 42
    for_stmt         go to state 43
    case_stmt        go to state 44
    return_stmt      go to state 45


State 176

   43 for_stmt: TOKEN_FOR TOKEN_IDENTIFIER TOKEN_ASSIGN expression TOKEN_TO expression TOKEN_BY • expression TOKEN_DO statement_list TOKEN_END_FOR

    TOKEN_TRUE             shift, and go to state 55
    TOKEN_FALSE            shift, and go to state 56
    TOKEN_INTEGER_LITERAL  shift, and go to state 57
    TOKEN_REAL_LITERAL     shift, and go to state 58
    TOKEN_STRING_LITERAL   shift, and go to state 59
    TOKEN_IDENTIFIER       shift, and go to state 60
    TOKEN_MINUS            shift, and go to state 61
    TOKEN_NOT              shift, and go to state 62
    TOKEN_LPAREN           shift, and go to state 63

    expression       go to state 183
    or_expr          go to state 65
    xor_expr         go to state 66
    and_expr         go to state 67
    comparison_expr  go to state 68
    add_expr         go to state 69
    mult_expr        go to state 70
    unary_expr       go to state 71
    primary_expr     go to state 72


State 177

   42 for_stmt: TOKEN_FOR TOKEN_IDENTIFIER TOKEN_ASSIGN expression TOKEN_TO expression TOKEN_DO • statement_list TOKEN_END_FOR

    $default  reduce using rule 24 (statement_list)

    statement_list  go to state 184


State 178

   34 assignment_stmt: TOKEN_IDENTIFIER TOKEN_LBRACKET expression TOKEN_RBRACKET TOKEN_ASSIGN expression TOKEN_SEMICOLON •

    $default  reduce using rule 34 (assignment_stmt)


State 179

   19 type_spec: TOKEN_ARRAY TOKEN_LBRACKET TOKEN_INTEGER_LITERAL TOKEN_RANGE TOKEN_INTEGER_LITERAL TOKEN_RBRACKET TOKEN_OF • type_spec

    TOKEN_BOOL    shift, and go to state 47
    TOKEN_INT     shift, and go to state 48
    TOKEN_REAL    shift, and go to state 49
    TOKEN_STRING  shift, and go to state 50
    TOKEN_ARRAY   shift, and go to state 51

    type_spec  go to state 185


State 180

   25 statement_list: statement_list • statement
   39 elsif_list: TOKEN_ELSIF expression TOKEN_THEN statement_list •

    TOKEN_IF          shift, and go to state 32
    TOKEN_CASE        shift, and go to state 33
    TOKEN_FOR         shift, and go to state 34
    TOKEN_WHILE       shift, and go to state 35
    TOKEN_RETURN      shift, and go to state 36
    TOKEN_IDENTIFIER  shift, and go to state 37
    TOKEN_SEMICOLON   shift, and go to state 38

    $default  reduce using rule 39 (elsif_list)

    statement        go to state 39
    assignment_stmt  go to state 40
    if_stmt          go to state 41
    while_stmt       go to state 42
    for_stmt         go to state 43
    case_stmt        go to state 44
    return_stmt      go to state 45


State 181

   40 elsif_list: elsif_list TOKEN_ELSIF expression TOKEN_THEN • statement_list

    $default  reduce using rule 24 (statement_list)

    statement_list  go to state 186


State 182

   38 if_stmt: TOKEN_IF expression TOKEN_THEN statement_list elsif_list TOKEN_ELSE statement_list TOKEN_END_IF •

    $default  reduce using rule 38 (if_stmt)


State 183

   43 for_stmt: TOKEN_FOR TOKEN_IDENTIFIER TOKEN_ASSIGN expression TOKEN_TO expression TOKEN_BY expression • TOKEN_DO statement_list TOKEN_END_FOR

    TOKEN_DO  shift, and go to state 187


State 184

   25 statement_list: statement_list • statement
   42 for_stmt: TOKEN_FOR TOKEN_IDENTIFIER TOKEN_ASSIGN expression TOKEN_TO expression TOKEN_DO statement_list • TOKEN_END_FOR

    TOKEN_IF          shift, and go to state 32
    TOKEN_CASE        shift, and go to state 33
    TOKEN_FOR         shift, and go to state 34
    TOKEN_END_FOR     shift, and go to state 188
    TOKEN_WHILE       shift, and go to state 35
    TOKEN_RETURN      shift, and go to state 36
    TOKEN_IDENTIFIER  shift, and go to state 37
    TOKEN_SEMICOLON   shift, and go to state 38

    statement        go to state 39
    assignment_stmt  go to state 40
    if_stmt          go to state 41
    while_stmt       go to state 42
    for_stmt         go to state 43
    case_stmt        go to state 44
    return_stmt      go to state 45


State 185

   19 type_spec: TOKEN_ARRAY TOKEN_LBRACKET TOKEN_INTEGER_LITERAL TOKEN_RANGE TOKEN_INTEGER_LITERAL TOKEN_RBRACKET TOKEN_OF type_spec •

    $default  reduce using rule 19 (type_spec)


State 186

   25 statement_list: statement_list • statement
   40 elsif_list: elsif_list TOKEN_ELSIF expression TOKEN_THEN statement_list •

    TOKEN_IF          shift, and go to state 32
    TOKEN_CASE        shift, and go to state 33
    TOKEN_FOR         shift, and go to state 34
    TOKEN_WHILE       shift, and go to state 35
    TOKEN_RETURN      shift, and go to state 36
    TOKEN_IDENTIFIER  shift, and go to state 37
    TOKEN_SEMICOLON   shift, and go to state 38

    $default  reduce using rule 40 (elsif_list)

    statement        go to state 39
    assignment_stmt  go to state 40
    if_stmt          go to state 41
    while_stmt       go to state 42
    for_stmt         go to state 43
    case_stmt        go to state 44
    return_stmt      go to state 45


State 187

   43 for_stmt: TOKEN_FOR TOKEN_IDENTIFIER TOKEN_ASSIGN expression TOKEN_TO expression TOKEN_BY expression TOKEN_DO • statement_list TOKEN_END_FOR

    $default  reduce using rule 24 (statement_list)

    statement_list  go to state 189


State 188

   42 for_stmt: TOKEN_FOR TOKEN_IDENTIFIER TOKEN_ASSIGN expression TOKEN_TO expression TOKEN_DO statement_list TOKEN_END_FOR •

    $default  reduce using rule 42 (for_stmt)


State 189

   25 statement_list: statement_list • statement
   43 for_stmt: TOKEN_FOR TOKEN_IDENTIFIER TOKEN_ASSIGN expression TOKEN_TO expression TOKEN_BY expression TOKEN_DO statement_list • TOKEN_END_FOR

    TOKEN_IF          shift, and go to state 32
    TOKEN_CASE        shift, and go to state 33
    TOKEN_FOR         shift, and go to state 34
    TOKEN_END_FOR     shift, and go to state 190
    TOKEN_WHILE       shift, and go to state 35
    TOKEN_RETURN      shift, and go to state 36
    TOKEN_IDENTIFIER  shift, and go to state 37
    TOKEN_SEMICOLON   shift, and go to state 38

    statement        go to state 39
    assignment_stmt  go to state 40
    if_stmt          go to state 41
    while_stmt       go to state 42
    for_stmt         go to state 43
    case_stmt        go to state 44
    return_stmt      go to state 45


State 190

   43 for_stmt: TOKEN_FOR TOKEN_IDENTIFIER TOKEN_ASSIGN expression TOKEN_TO expression TOKEN_BY expression TOKEN_DO statement_list TOKEN_END_FOR •

    $default  reduce using rule 43 (for_stmt)
